The system is: Darwin - 18.0.0 - x86_64
Compiling the C compiler identification source file "CMakeCCompilerId.c" succeeded.
Compiler: /usr/bin/gcc 
Build flags: 
Id flags:  

The output was:
0


Compilation of the C compiler identification source "CMakeCCompilerId.c" produced "a.out"

The C compiler identification is AppleClang, found in "/Users/hashimjacobs/OneDrive/Documents/CSC/CSC 415/csc415-p3-hashjaco/cmake-build-debug/CMakeFiles/3.12.0/CompilerIdC/a.out"

Determining if the C compiler works passed with the following output:
Change Dir: /Users/hashimjacobs/OneDrive/Documents/CSC/CSC 415/csc415-p3-hashjaco/cmake-build-debug/CMakeFiles/CMakeTmp

Run Build Command:"/usr/bin/make" "cmTC_ece93/fast"
/Library/Developer/CommandLineTools/usr/bin/make -f CMakeFiles/cmTC_ece93.dir/build.make CMakeFiles/cmTC_ece93.dir/build
Building C object CMakeFiles/cmTC_ece93.dir/testCCompiler.c.o
/usr/bin/gcc    -o CMakeFiles/cmTC_ece93.dir/testCCompiler.c.o   -c "/Users/hashimjacobs/OneDrive/Documents/CSC/CSC 415/csc415-p3-hashjaco/cmake-build-debug/CMakeFiles/CMakeTmp/testCCompiler.c"
Linking C executable cmTC_ece93
"/Users/hashimjacobs/Library/Application Support/JetBrains/Toolbox/apps/CLion/ch-0/182.3911.40/CLion.app/Contents/bin/cmake/mac/bin/cmake" -E cmake_link_script CMakeFiles/cmTC_ece93.dir/link.txt --verbose=1
/usr/bin/gcc   -Wl,-search_paths_first -Wl,-headerpad_max_install_names   CMakeFiles/cmTC_ece93.dir/testCCompiler.c.o  -o cmTC_ece93 


Detecting C compiler ABI info compiled with the following output:
Change Dir: /Users/hashimjacobs/OneDrive/Documents/CSC/CSC 415/csc415-p3-hashjaco/cmake-build-debug/CMakeFiles/CMakeTmp

Run Build Command:"/usr/bin/make" "cmTC_9ecc3/fast"
/Library/Developer/CommandLineTools/usr/bin/make -f CMakeFiles/cmTC_9ecc3.dir/build.make CMakeFiles/cmTC_9ecc3.dir/build
Building C object CMakeFiles/cmTC_9ecc3.dir/CMakeCCompilerABI.c.o
/usr/bin/gcc    -o CMakeFiles/cmTC_9ecc3.dir/CMakeCCompilerABI.c.o   -c "/Users/hashimjacobs/Library/Application Support/JetBrains/Toolbox/apps/CLion/ch-0/182.3911.40/CLion.app/Contents/bin/cmake/mac/share/cmake-3.12/Modules/CMakeCCompilerABI.c"
Linking C executable cmTC_9ecc3
"/Users/hashimjacobs/Library/Application Support/JetBrains/Toolbox/apps/CLion/ch-0/182.3911.40/CLion.app/Contents/bin/cmake/mac/bin/cmake" -E cmake_link_script CMakeFiles/cmTC_9ecc3.dir/link.txt --verbose=1
/usr/bin/gcc   -Wl,-search_paths_first -Wl,-headerpad_max_install_names  -v -Wl,-v CMakeFiles/cmTC_9ecc3.dir/CMakeCCompilerABI.c.o  -o cmTC_9ecc3 
Apple LLVM version 10.0.0 (clang-1000.10.44.2)
Target: x86_64-apple-darwin18.0.0
Thread model: posix
InstalledDir: /Library/Developer/CommandLineTools/usr/bin
 "/Library/Developer/CommandLineTools/usr/bin/ld" -demangle -lto_library /Library/Developer/CommandLineTools/usr/lib/libLTO.dylib -dynamic -arch x86_64 -macosx_version_min 10.14.0 -syslibroot /Library/Developer/CommandLineTools/SDKs/MacOSX10.14.sdk -o cmTC_9ecc3 -search_paths_first -headerpad_max_install_names -v CMakeFiles/cmTC_9ecc3.dir/CMakeCCompilerABI.c.o -L/usr/local/lib -lSystem /Library/Developer/CommandLineTools/usr/lib/clang/10.0.0/lib/darwin/libclang_rt.osx.a
@(#)PROGRAM:ld  PROJECT:ld64-409.12
BUILD 02:04:28 Aug 14 2018
configured to support archs: armv6 armv7 armv7s arm64 i386 x86_64 x86_64h armv6m armv7k armv7m armv7em
Library search paths:
	/usr/local/lib
	/Library/Developer/CommandLineTools/SDKs/MacOSX10.14.sdk/usr/lib
Framework search paths:
	/Library/Developer/CommandLineTools/SDKs/MacOSX10.14.sdk/System/Library/Frameworks/


Parsed C implicit link information from above output:
  link line regex: [^( *|.*[/\])(ld|CMAKE_LINK_STARTFILE-NOTFOUND|([^/\]+-)?ld|collect2)[^/\]*( |$)]
  ignore line: [Change Dir: /Users/hashimjacobs/OneDrive/Documents/CSC/CSC 415/csc415-p3-hashjaco/cmake-build-debug/CMakeFiles/CMakeTmp]
  ignore line: []
  ignore line: [Run Build Command:"/usr/bin/make" "cmTC_9ecc3/fast"]
  ignore line: [/Library/Developer/CommandLineTools/usr/bin/make -f CMakeFiles/cmTC_9ecc3.dir/build.make CMakeFiles/cmTC_9ecc3.dir/build]
  ignore line: [Building C object CMakeFiles/cmTC_9ecc3.dir/CMakeCCompilerABI.c.o]
  ignore line: [/usr/bin/gcc    -o CMakeFiles/cmTC_9ecc3.dir/CMakeCCompilerABI.c.o   -c "/Users/hashimjacobs/Library/Application Support/JetBrains/Toolbox/apps/CLion/ch-0/182.3911.40/CLion.app/Contents/bin/cmake/mac/share/cmake-3.12/Modules/CMakeCCompilerABI.c"]
  ignore line: [Linking C executable cmTC_9ecc3]
  ignore line: ["/Users/hashimjacobs/Library/Application Support/JetBrains/Toolbox/apps/CLion/ch-0/182.3911.40/CLion.app/Contents/bin/cmake/mac/bin/cmake" -E cmake_link_script CMakeFiles/cmTC_9ecc3.dir/link.txt --verbose=1]
  ignore line: [/usr/bin/gcc   -Wl,-search_paths_first -Wl,-headerpad_max_install_names  -v -Wl,-v CMakeFiles/cmTC_9ecc3.dir/CMakeCCompilerABI.c.o  -o cmTC_9ecc3 ]
  ignore line: [Apple LLVM version 10.0.0 (clang-1000.10.44.2)]
  ignore line: [Target: x86_64-apple-darwin18.0.0]
  ignore line: [Thread model: posix]
  ignore line: [InstalledDir: /Library/Developer/CommandLineTools/usr/bin]
  link line: [ "/Library/Developer/CommandLineTools/usr/bin/ld" -demangle -lto_library /Library/Developer/CommandLineTools/usr/lib/libLTO.dylib -dynamic -arch x86_64 -macosx_version_min 10.14.0 -syslibroot /Library/Developer/CommandLineTools/SDKs/MacOSX10.14.sdk -o cmTC_9ecc3 -search_paths_first -headerpad_max_install_names -v CMakeFiles/cmTC_9ecc3.dir/CMakeCCompilerABI.c.o -L/usr/local/lib -lSystem /Library/Developer/CommandLineTools/usr/lib/clang/10.0.0/lib/darwin/libclang_rt.osx.a]
    arg [/Library/Developer/CommandLineTools/usr/bin/ld] ==> ignore
    arg [-demangle] ==> ignore
    arg [-lto_library] ==> ignore, skip following value
    arg [/Library/Developer/CommandLineTools/usr/lib/libLTO.dylib] ==> skip value of -lto_library
    arg [-dynamic] ==> ignore
    arg [-arch] ==> ignore
    arg [x86_64] ==> ignore
    arg [-macosx_version_min] ==> ignore
    arg [10.14.0] ==> ignore
    arg [-syslibroot] ==> ignore
    arg [/Library/Developer/CommandLineTools/SDKs/MacOSX10.14.sdk] ==> ignore
    arg [-o] ==> ignore
    arg [cmTC_9ecc3] ==> ignore
    arg [-search_paths_first] ==> ignore
    arg [-headerpad_max_install_names] ==> ignore
    arg [-v] ==> ignore
    arg [CMakeFiles/cmTC_9ecc3.dir/CMakeCCompilerABI.c.o] ==> ignore
    arg [-L/usr/local/lib] ==> dir [/usr/local/lib]
    arg [-lSystem] ==> lib [System]
    arg [/Library/Developer/CommandLineTools/usr/lib/clang/10.0.0/lib/darwin/libclang_rt.osx.a] ==> lib [/Library/Developer/CommandLineTools/usr/lib/clang/10.0.0/lib/darwin/libclang_rt.osx.a]
  Library search paths: [;/usr/local/lib;/Library/Developer/CommandLineTools/SDKs/MacOSX10.14.sdk/usr/lib]
  Framework search paths: [;/Library/Developer/CommandLineTools/SDKs/MacOSX10.14.sdk/System/Library/Frameworks/]
  remove lib [System]
  remove lib [/Library/Developer/CommandLineTools/usr/lib/clang/10.0.0/lib/darwin/libclang_rt.osx.a]
  collapse library dir [/usr/local/lib] ==> [/usr/local/lib]
  collapse library dir [/usr/local/lib] ==> [/usr/local/lib]
  collapse library dir [/Library/Developer/CommandLineTools/SDKs/MacOSX10.14.sdk/usr/lib] ==> [/Library/Developer/CommandLineTools/SDKs/MacOSX10.14.sdk/usr/lib]
  collapse framework dir [/Library/Developer/CommandLineTools/SDKs/MacOSX10.14.sdk/System/Library/Frameworks/] ==> [/Library/Developer/CommandLineTools/SDKs/MacOSX10.14.sdk/System/Library/Frameworks]
  implicit libs: []
  implicit dirs: [/usr/local/lib;/Library/Developer/CommandLineTools/SDKs/MacOSX10.14.sdk/usr/lib]
  implicit fwks: [/Library/Developer/CommandLineTools/SDKs/MacOSX10.14.sdk/System/Library/Frameworks]




Detecting C [-std=c11] compiler features compiled with the following output:
Change Dir: /Users/hashimjacobs/OneDrive/Documents/CSC/CSC 415/csc415-p3-hashjaco/cmake-build-debug/CMakeFiles/CMakeTmp

Run Build Command:"/usr/bin/make" "cmTC_524bd/fast"
/Library/Developer/CommandLineTools/usr/bin/make -f CMakeFiles/cmTC_524bd.dir/build.make CMakeFiles/cmTC_524bd.dir/build
Building C object CMakeFiles/cmTC_524bd.dir/feature_tests.c.o
/usr/bin/gcc   -std=c11 -o CMakeFiles/cmTC_524bd.dir/feature_tests.c.o   -c "/Users/hashimjacobs/OneDrive/Documents/CSC/CSC 415/csc415-p3-hashjaco/cmake-build-debug/CMakeFiles/feature_tests.c"
Linking C executable cmTC_524bd
"/Users/hashimjacobs/Library/Application Support/JetBrains/Toolbox/apps/CLion/ch-0/182.3911.40/CLion.app/Contents/bin/cmake/mac/bin/cmake" -E cmake_link_script CMakeFiles/cmTC_524bd.dir/link.txt --verbose=1
/usr/bin/gcc   -Wl,-search_paths_first -Wl,-headerpad_max_install_names   CMakeFiles/cmTC_524bd.dir/feature_tests.c.o  -o cmTC_524bd 


    Feature record: C_FEATURE:1c_function_prototypes
    Feature record: C_FEATURE:1c_restrict
    Feature record: C_FEATURE:1c_static_assert
    Feature record: C_FEATURE:1c_variadic_macros


Detecting C [-std=c99] compiler features compiled with the following output:
Change Dir: /Users/hashimjacobs/OneDrive/Documents/CSC/CSC 415/csc415-p3-hashjaco/cmake-build-debug/CMakeFiles/CMakeTmp

Run Build Command:"/usr/bin/make" "cmTC_825ed/fast"
/Library/Developer/CommandLineTools/usr/bin/make -f CMakeFiles/cmTC_825ed.dir/build.make CMakeFiles/cmTC_825ed.dir/build
Building C object CMakeFiles/cmTC_825ed.dir/feature_tests.c.o
/usr/bin/gcc   -std=c99 -o CMakeFiles/cmTC_825ed.dir/feature_tests.c.o   -c "/Users/hashimjacobs/OneDrive/Documents/CSC/CSC 415/csc415-p3-hashjaco/cmake-build-debug/CMakeFiles/feature_tests.c"
Linking C executable cmTC_825ed
"/Users/hashimjacobs/Library/Application Support/JetBrains/Toolbox/apps/CLion/ch-0/182.3911.40/CLion.app/Contents/bin/cmake/mac/bin/cmake" -E cmake_link_script CMakeFiles/cmTC_825ed.dir/link.txt --verbose=1
/usr/bin/gcc   -Wl,-search_paths_first -Wl,-headerpad_max_install_names   CMakeFiles/cmTC_825ed.dir/feature_tests.c.o  -o cmTC_825ed 


    Feature record: C_FEATURE:1c_function_prototypes
    Feature record: C_FEATURE:1c_restrict
    Feature record: C_FEATURE:0c_static_assert
    Feature record: C_FEATURE:1c_variadic_macros


Detecting C [-std=c90] compiler features compiled with the following output:
Change Dir: /Users/hashimjacobs/OneDrive/Documents/CSC/CSC 415/csc415-p3-hashjaco/cmake-build-debug/CMakeFiles/CMakeTmp

Run Build Command:"/usr/bin/make" "cmTC_54716/fast"
/Library/Developer/CommandLineTools/usr/bin/make -f CMakeFiles/cmTC_54716.dir/build.make CMakeFiles/cmTC_54716.dir/build
Building C object CMakeFiles/cmTC_54716.dir/feature_tests.c.o
/usr/bin/gcc   -std=c90 -o CMakeFiles/cmTC_54716.dir/feature_tests.c.o   -c "/Users/hashimjacobs/OneDrive/Documents/CSC/CSC 415/csc415-p3-hashjaco/cmake-build-debug/CMakeFiles/feature_tests.c"
Linking C executable cmTC_54716
"/Users/hashimjacobs/Library/Application Support/JetBrains/Toolbox/apps/CLion/ch-0/182.3911.40/CLion.app/Contents/bin/cmake/mac/bin/cmake" -E cmake_link_script CMakeFiles/cmTC_54716.dir/link.txt --verbose=1
/usr/bin/gcc   -Wl,-search_paths_first -Wl,-headerpad_max_install_names   CMakeFiles/cmTC_54716.dir/feature_tests.c.o  -o cmTC_54716 


    Feature record: C_FEATURE:1c_function_prototypes
    Feature record: C_FEATURE:0c_restrict
    Feature record: C_FEATURE:0c_static_assert
    Feature record: C_FEATURE:0c_variadic_macros
